DEBUG main druid.sql.Connection - {conn-10001} connected
DEBUG main druid.sql.Connection - {conn-10002} connected
DEBUG main druid.sql.Connection - {conn-10003} connected
DEBUG main druid.sql.Connection - {conn-10004} connected
DEBUG main druid.sql.Connection - {conn-10005} connected
DEBUG main druid.sql.Connection - {conn-10005} pool-connect
DEBUG main druid.sql.Connection - {conn-10005} pool-recycle
DEBUG main druid.sql.Connection - {conn-10005} pool-connect
DEBUG main druid.sql.Connection - {conn-10005} pool-recycle
DEBUG main druid.sql.Connection - {conn-10005} pool-connect
DEBUG main druid.sql.Connection - {conn-10005} pool-recycle
DEBUG Druid-ConnectionPool-Destroy-2045706119 druid.sql.Connection - {conn-10001} closed
DEBUG Druid-ConnectionPool-Destroy-2045706119 druid.sql.Connection - {conn-10002} closed
DEBUG Druid-ConnectionPool-Destroy-2045706119 druid.sql.Connection - {conn-10003} closed
DEBUG Druid-ConnectionPool-Destroy-2045706119 druid.sql.Connection - {conn-10004} closed
DEBUG http-nio-8081-exec-4 druid.sql.Connection - {conn-10005} pool-connect
DEBUG http-nio-8081-exec-4 druid.sql.Connection - {conn-10005} setAutoCommit false
DEBUG http-nio-8081-exec-4 druid.sql.Statement - {conn-10005, pstmt-20000} created. select student0_.id as id1_0_, student0_.age as age2_0_, student0_.create_time as create_t3_0_, student0_.name as name4_0_, student0_.sex as sex5_0_, student0_.update_time as update_t6_0_ from t_student student0_
DEBUG http-nio-8081-exec-4 druid.sql.Statement - {conn-10005, pstmt-20000} Parameters : []
DEBUG http-nio-8081-exec-4 druid.sql.Statement - {conn-10005, pstmt-20000} Types : []
DEBUG http-nio-8081-exec-4 druid.sql.Statement - {conn-10005, pstmt-20000, rs-50000} query executed. 117.1559 millis. select student0_.id as id1_0_, student0_.age as age2_0_, student0_.create_time as create_t3_0_, student0_.name as name4_0_, student0_.sex as sex5_0_, student0_.update_time as update_t6_0_ from t_student student0_
DEBUG http-nio-8081-exec-4 druid.sql.ResultSet - {conn-10005, pstmt-20000, rs-50000} open
DEBUG http-nio-8081-exec-4 druid.sql.ResultSet - {conn-10005, pstmt-20000, rs-50000} Header: [id, age, create_time, name, sex, update_time]
DEBUG http-nio-8081-exec-4 druid.sql.ResultSet - {conn-10005, pstmt-20000, rs-50000} Result: [1, 23, null, 黄龙, 1, null]
DEBUG http-nio-8081-exec-4 druid.sql.ResultSet - {conn-10005, pstmt-20000, rs-50000} Result: [2, 26, 2019-10-10 18:57:53.0, 黄龙1, 1, 2019-10-10 18:57:53.0]
DEBUG http-nio-8081-exec-4 druid.sql.ResultSet - {conn-10005, pstmt-20000, rs-50000} Result: [3, 20, 2019-10-10 19:40:25.0, string, 2, 2019-10-10 19:40:25.0]
DEBUG http-nio-8081-exec-4 druid.sql.ResultSet - {conn-10005, pstmt-20000, rs-50000} closed
DEBUG http-nio-8081-exec-4 druid.sql.Statement - {conn-10005, pstmt-20000} clearParameters. 
DEBUG http-nio-8081-exec-4 druid.sql.Connection - {conn-10005} commited
DEBUG http-nio-8081-exec-4 druid.sql.Connection - {conn-10005} setAutoCommit true
DEBUG http-nio-8081-exec-4 druid.sql.Connection - {conn-10005} pool-recycle
DEBUG Thread-14 druid.sql.Statement - {conn-10005, pstmt-20000} closed
DEBUG Thread-14 druid.sql.Connection - {conn-10005} closed
